[ 2017-06-26T09:00:30+08:00 ] 127.0.0.1 /
INFO: [ app_begin ] --START--
INFO: ReadHtmlCache Behavior ::run [ RunTime:0.003591s ]
INFO: [ app_begin ] --END-- [ RunTime:0.043343s ]
NOTIC: [8] Use of undefined constant WEBSCAN_DIRECTORY - assumed 'WEBSCAN_DIRECTORY' D:\data\WWW\framework\Extend\Library\ORG\Custom\webscan.class.php 第 11 行.
NOTIC: [8] Use of undefined constant WEBSCAN_URL - assumed 'WEBSCAN_URL' D:\data\WWW\framework\Extend\Library\ORG\Custom\webscan.class.php 第 14 行.
NOTIC: [2] Invalid argument supplied for foreach() D:\data\WWW\framework\Extend\Library\ORG\Custom\webscan.class.php 第 142 行.
SQL: SHOW COLUMNS FROM `ds_links` [ RunTime:0.309447s ]
SQL: SELECT `title`,`url`,`img` FROM `ds_links` WHERE ( `state` = 0 ) ORDER BY `order` ASC  [ RunTime:0.014894s ]
SQL: SHOW COLUMNS FROM `ds_unite` [ RunTime:0.078966s ]
SQL: SELECT * FROM `ds_unite` WHERE ( `state`=0 and `pid`<8 ) ORDER BY `order` asc,`id` asc  [ RunTime:0.037985s ]
SQL: SHOW COLUMNS FROM `ds_borrowing` [ RunTime:0.118130s ]
SQL: SELECT * FROM `ds_borrowing` WHERE ( (`state`>0 and `state` !=12 and `state` !=13 and `state` !=14 and `state` !=16 and `state` !=8) ) ORDER BY `stick` DESC,`state` ASC,`time` DESC LIMIT 5   [ RunTime:0.017612s ]
SQL: SHOW COLUMNS FROM `ds_shuffling` [ RunTime:0.047930s ]
SQL: SELECT `title`,`img`,`url` FROM `ds_shuffling` WHERE ( `state`=0 and type=0 ) ORDER BY `order` ASC  [ RunTime:0.000965s ]
SQL: SELECT COUNT(*) AS tp_count FROM `ds_shuffling` WHERE ( `state`=0 ) LIMIT 1   [ RunTime:0.001114s ]
SQL: SHOW COLUMNS FROM `ds_site` [ RunTime:0.030450s ]
SQL: SELECT `keyword`,`remark`,`title`,`link` FROM `ds_site` WHERE ( link="/" ) LIMIT 1   [ RunTime:0.000964s ]
SQL: SHOW COLUMNS FROM `ds_borrowing` [ RunTime:0.011785s ]
SQL: SELECT SUM(money) AS tp_sum FROM `ds_borrowing` WHERE ( `state`=7 or `state`=8 or `state`=9 ) LIMIT 1   [ RunTime:0.000506s ]
SQL: SHOW COLUMNS FROM `ds_money` [ RunTime:0.046154s ]
SQL: SELECT SUM(`stay_interest`+`make_interest`+`make_reward`) AS tp_sum FROM `ds_money` LIMIT 1   [ RunTime:0.000707s ]
SQL: SELECT AVG(rates) AS tp_avg FROM `ds_borrowing` LIMIT 1   [ RunTime:0.000406s ]
SQL: SHOW COLUMNS FROM `ds_user` [ RunTime:0.040409s ]
SQL: SELECT COUNT(*) AS tp_count FROM `ds_user` LIMIT 1   [ RunTime:0.000386s ]
SQL: SHOW COLUMNS FROM `ds_article` [ RunTime:0.044176s ]
SQL: SELECT `id`,`title`,`addtime` FROM `ds_article` WHERE ( published=1 and catid=28 ) ORDER BY `order` desc,`addtime` desc LIMIT 5   [ RunTime:0.073067s ]
SQL: SELECT `id`,`title`,`addtime` FROM `ds_article` WHERE ( published=1 and catid=32 ) ORDER BY `order` desc,`addtime` desc LIMIT 5   [ RunTime:0.000684s ]
SQL: SELECT `id`,`title`,`addtime` FROM `ds_article` WHERE ( published=1 and catid=31 ) ORDER BY `order` desc,`addtime` desc LIMIT 5   [ RunTime:0.006192s ]
INFO: [ view_parse ] --START--
NOTIC: [8] Undefined variable: so D:\data\WWW\temp\Cache\Home\58fb4fdb4a3b7da1e1e107e5dc81a133.php 第 7 行.
NOTIC: [8] Undefined variable: so D:\data\WWW\temp\Cache\Home\58fb4fdb4a3b7da1e1e107e5dc81a133.php 第 8 行.
NOTIC: [8] Undefined variable: head D:\data\WWW\temp\Cache\Home\58fb4fdb4a3b7da1e1e107e5dc81a133.php 第 35 行.
NOTIC: [8] Undefined index: user_name D:\data\WWW\temp\Cache\Home\58fb4fdb4a3b7da1e1e107e5dc81a133.php 第 57 行.
NOTIC: [8] Undefined index: loan D:\data\WWW\temp\Cache\Home\58fb4fdb4a3b7da1e1e107e5dc81a133.php 第 87 行.
NOTIC: [8] Undefined index: borrow D:\data\WWW\temp\Cache\Home\58fb4fdb4a3b7da1e1e107e5dc81a133.php 第 88 行.
NOTIC: [8] Undefined index: security D:\data\WWW\temp\Cache\Home\58fb4fdb4a3b7da1e1e107e5dc81a133.php 第 92 行.
NOTIC: [8] Undefined index: center D:\data\WWW\temp\Cache\Home\58fb4fdb4a3b7da1e1e107e5dc81a133.php 第 93 行.
NOTIC: [8] Undefined index: explanation D:\data\WWW\temp\Cache\Home\58fb4fdb4a3b7da1e1e107e5dc81a133.php 第 94 行.
NOTIC: [8] Undefined variable: ajax_list D:\data\WWW\temp\Cache\Home\58fb4fdb4a3b7da1e1e107e5dc81a133.php 第 411 行.
INFO: ParseTemplate Behavior ::run [ RunTime:0.512415s ]
INFO: [ view_parse ] --END-- [ RunTime:0.512514s ]
INFO: [ view_filter ] --START--
INFO: ContentReplace Behavior ::run [ RunTime:0.012216s ]
INFO: TokenBuild Behavior ::run [ RunTime:0.001253s ]
INFO: WriteHtmlCache Behavior ::run [ RunTime:0.000849s ]
INFO: ShowRuntime Behavior ::run [ RunTime:0.001917s ]
INFO: [ view_filter ] --END-- [ RunTime:0.016421s ]
INFO: [ view_end ] --START--
INFO: ShowPageTrace Behavior ::run [ RunTime:6.035219s ]
INFO: [ view_end ] --END-- [ RunTime:6.035424s ]

[ 2017-06-26T09:00:31+08:00 ] 127.0.0.1 /Api/Autos/timing
INFO: [ route_check ] --START--
INFO: CheckRoute Behavior ::run [ RunTime:0.041878s ]
INFO: [ route_check ] --END-- [ RunTime:0.042056s ]
INFO: [ app_begin ] --START--
INFO: ReadHtmlCache Behavior ::run [ RunTime:0.002276s ]
INFO: [ app_begin ] --END-- [ RunTime:0.002409s ]
SQL: SHOW COLUMNS FROM `ds_borrowing` [ RunTime:0.120105s ]
SQL: SELECT * FROM `ds_borrowing` WHERE ( `state`=1 or `state`=2 ) LIMIT 10   [ RunTime:0.029999s ]
SQL: SHOW COLUMNS FROM `ds_overdue` [ RunTime:0.165207s ]
SQL: SHOW COLUMNS FROM `ds_coverdue` [ RunTime:0.148798s ]
SQL: SHOW COLUMNS FROM `ds_collection` [ RunTime:0.050420s ]
SQL: SELECT * FROM `ds_overdue` WHERE ( type=0 or type=2 )  [ RunTime:0.000399s ]
SQL: SHOW COLUMNS FROM `ds_refund` [ RunTime:0.008502s ]
SQL: SELECT * FROM `ds_refund` WHERE ( type=0 and time <=1498438831 ) LIMIT 10   [ RunTime:0.000435s ]
SQL: SHOW COLUMNS FROM `ds_refund` [ RunTime:0.007326s ]
NOTIC: 建议使用I方法替代_session
SQL: SELECT * FROM `ds_refund` WHERE ( uid= and type=0 and time<=1498870831 )  [ RunTime:0.033363s ]
ERR: 1064:You have an error in your SQL syntax; check the manual that corresponds to your MySQL server version for the right syntax to use near 'and type=0 and time<=1498870831 )' at line 1
 [ SQL语句 ] : SELECT * FROM `ds_refund` WHERE ( uid= and type=0 and time<=1498870831 ) 
NOTIC: [2] Invalid argument supplied for foreach() D:\data\WWW\Lib\Action\Api\AutosAction.class.php 第 133 行.

[ 2017-06-26T10:26:11+08:00 ] 127.0.0.1 /m.php
INFO: [ route_check ] --START--
INFO: CheckRoute Behavior ::run [ RunTime:0.001777s ]
INFO: [ route_check ] --END-- [ RunTime:0.001878s ]
INFO: [ app_begin ] --START--
INFO: ReadHtmlCache Behavior ::run [ RunTime:0.000731s ]
INFO: [ app_begin ] --END-- [ RunTime:0.000779s ]
NOTIC: [8] Undefined variable: group D:\data\WWW\framework\Lib\Core\App.class.php 第 96 行.
ERR: 无法加载模块:m.php

[ 2017-06-26T10:26:18+08:00 ] 127.0.0.1 /
INFO: [ app_begin ] --START--
INFO: ReadHtmlCache Behavior ::run [ RunTime:0.000970s ]
INFO: [ app_begin ] --END-- [ RunTime:0.001048s ]
NOTIC: [8] Use of undefined constant WEBSCAN_DIRECTORY - assumed 'WEBSCAN_DIRECTORY' D:\data\WWW\framework\Extend\Library\ORG\Custom\webscan.class.php 第 11 行.
NOTIC: [8] Use of undefined constant WEBSCAN_URL - assumed 'WEBSCAN_URL' D:\data\WWW\framework\Extend\Library\ORG\Custom\webscan.class.php 第 14 行.
NOTIC: [2] Invalid argument supplied for foreach() D:\data\WWW\framework\Extend\Library\ORG\Custom\webscan.class.php 第 142 行.
SQL: SHOW COLUMNS FROM `ds_links` [ RunTime:0.038111s ]
SQL: SELECT `title`,`url`,`img` FROM `ds_links` WHERE ( `state` = 0 ) ORDER BY `order` ASC  [ RunTime:0.000326s ]
SQL: SHOW COLUMNS FROM `ds_unite` [ RunTime:0.012489s ]
SQL: SELECT * FROM `ds_unite` WHERE ( `state`=0 and `pid`<8 ) ORDER BY `order` asc,`id` asc  [ RunTime:0.032465s ]
SQL: SHOW COLUMNS FROM `ds_borrowing` [ RunTime:0.007661s ]
SQL: SELECT * FROM `ds_borrowing` WHERE ( (`state`>0 and `state` !=12 and `state` !=13 and `state` !=14 and `state` !=16 and `state` !=8) ) ORDER BY `stick` DESC,`state` ASC,`time` DESC LIMIT 5   [ RunTime:0.000463s ]
SQL: SHOW COLUMNS FROM `ds_shuffling` [ RunTime:0.007663s ]
SQL: SELECT `title`,`img`,`url` FROM `ds_shuffling` WHERE ( `state`=0 and type=0 ) ORDER BY `order` ASC  [ RunTime:0.000329s ]
SQL: SELECT COUNT(*) AS tp_count FROM `ds_shuffling` WHERE ( `state`=0 ) LIMIT 1   [ RunTime:0.000268s ]
SQL: SHOW COLUMNS FROM `ds_site` [ RunTime:0.006650s ]
SQL: SELECT `keyword`,`remark`,`title`,`link` FROM `ds_site` WHERE ( link="/" ) LIMIT 1   [ RunTime:0.000376s ]
SQL: SHOW COLUMNS FROM `ds_borrowing` [ RunTime:0.006238s ]
SQL: SELECT SUM(money) AS tp_sum FROM `ds_borrowing` WHERE ( `state`=7 or `state`=8 or `state`=9 ) LIMIT 1   [ RunTime:0.000278s ]
SQL: SHOW COLUMNS FROM `ds_money` [ RunTime:0.006969s ]
SQL: SELECT SUM(`stay_interest`+`make_interest`+`make_reward`) AS tp_sum FROM `ds_money` LIMIT 1   [ RunTime:0.000307s ]
SQL: SELECT AVG(rates) AS tp_avg FROM `ds_borrowing` LIMIT 1   [ RunTime:0.000212s ]
SQL: SHOW COLUMNS FROM `ds_user` [ RunTime:0.007343s ]
SQL: SELECT COUNT(*) AS tp_count FROM `ds_user` LIMIT 1   [ RunTime:0.000278s ]
SQL: SHOW COLUMNS FROM `ds_article` [ RunTime:0.007557s ]
SQL: SELECT `id`,`title`,`addtime` FROM `ds_article` WHERE ( published=1 and catid=28 ) ORDER BY `order` desc,`addtime` desc LIMIT 5   [ RunTime:0.001158s ]
SQL: SELECT `id`,`title`,`addtime` FROM `ds_article` WHERE ( published=1 and catid=32 ) ORDER BY `order` desc,`addtime` desc LIMIT 5   [ RunTime:0.001823s ]
SQL: SELECT `id`,`title`,`addtime` FROM `ds_article` WHERE ( published=1 and catid=31 ) ORDER BY `order` desc,`addtime` desc LIMIT 5   [ RunTime:0.000721s ]
INFO: [ view_parse ] --START--
NOTIC: [8] Undefined variable: so D:\data\WWW\temp\Cache\Home\58fb4fdb4a3b7da1e1e107e5dc81a133.php 第 7 行.
NOTIC: [8] Undefined variable: so D:\data\WWW\temp\Cache\Home\58fb4fdb4a3b7da1e1e107e5dc81a133.php 第 8 行.
NOTIC: [8] Undefined variable: head D:\data\WWW\temp\Cache\Home\58fb4fdb4a3b7da1e1e107e5dc81a133.php 第 35 行.
NOTIC: [8] Undefined index: user_name D:\data\WWW\temp\Cache\Home\58fb4fdb4a3b7da1e1e107e5dc81a133.php 第 57 行.
NOTIC: [8] Undefined index: loan D:\data\WWW\temp\Cache\Home\58fb4fdb4a3b7da1e1e107e5dc81a133.php 第 87 行.
NOTIC: [8] Undefined index: borrow D:\data\WWW\temp\Cache\Home\58fb4fdb4a3b7da1e1e107e5dc81a133.php 第 88 行.
NOTIC: [8] Undefined index: security D:\data\WWW\temp\Cache\Home\58fb4fdb4a3b7da1e1e107e5dc81a133.php 第 92 行.
NOTIC: [8] Undefined index: center D:\data\WWW\temp\Cache\Home\58fb4fdb4a3b7da1e1e107e5dc81a133.php 第 93 行.
NOTIC: [8] Undefined index: explanation D:\data\WWW\temp\Cache\Home\58fb4fdb4a3b7da1e1e107e5dc81a133.php 第 94 行.
NOTIC: [8] Undefined variable: ajax_list D:\data\WWW\temp\Cache\Home\58fb4fdb4a3b7da1e1e107e5dc81a133.php 第 411 行.
INFO: ParseTemplate Behavior ::run [ RunTime:0.020490s ]
INFO: [ view_parse ] --END-- [ RunTime:0.020560s ]
INFO: [ view_filter ] --START--
INFO: ContentReplace Behavior ::run [ RunTime:0.001084s ]
INFO: TokenBuild Behavior ::run [ RunTime:0.001291s ]
INFO: WriteHtmlCache Behavior ::run [ RunTime:0.000543s ]
INFO: ShowRuntime Behavior ::run [ RunTime:0.000659s ]
INFO: [ view_filter ] --END-- [ RunTime:0.003746s ]
INFO: [ view_end ] --START--
INFO: ShowPageTrace Behavior ::run [ RunTime:1.805200s ]
INFO: [ view_end ] --END-- [ RunTime:1.805279s ]

[ 2017-06-26T10:26:18+08:00 ] 127.0.0.1 /Api/Autos/timing
INFO: [ route_check ] --START--
INFO: CheckRoute Behavior ::run [ RunTime:0.013505s ]
INFO: [ route_check ] --END-- [ RunTime:0.013678s ]
INFO: [ app_begin ] --START--
INFO: ReadHtmlCache Behavior ::run [ RunTime:0.001517s ]
INFO: [ app_begin ] --END-- [ RunTime:0.001614s ]
SQL: SHOW COLUMNS FROM `ds_borrowing` [ RunTime:0.115969s ]
SQL: SELECT * FROM `ds_borrowing` WHERE ( `state`=1 or `state`=2 ) LIMIT 10   [ RunTime:0.000479s ]
SQL: SHOW COLUMNS FROM `ds_overdue` [ RunTime:0.065346s ]
SQL: SHOW COLUMNS FROM `ds_coverdue` [ RunTime:0.006374s ]
SQL: SHOW COLUMNS FROM `ds_collection` [ RunTime:0.007217s ]
SQL: SELECT * FROM `ds_overdue` WHERE ( type=0 or type=2 )  [ RunTime:0.000285s ]
SQL: SHOW COLUMNS FROM `ds_refund` [ RunTime:0.018254s ]
SQL: SELECT * FROM `ds_refund` WHERE ( type=0 and time <=1498443978 ) LIMIT 10   [ RunTime:0.000333s ]
SQL: SHOW COLUMNS FROM `ds_refund` [ RunTime:0.005495s ]
NOTIC: 建议使用I方法替代_session
SQL: SELECT * FROM `ds_refund` WHERE ( uid= and type=0 and time<=1498875978 )  [ RunTime:0.000328s ]
ERR: 1064:You have an error in your SQL syntax; check the manual that corresponds to your MySQL server version for the right syntax to use near 'and type=0 and time<=1498875978 )' at line 1
 [ SQL语句 ] : SELECT * FROM `ds_refund` WHERE ( uid= and type=0 and time<=1498875978 ) 
NOTIC: [2] Invalid argument supplied for foreach() D:\data\WWW\Lib\Action\Api\AutosAction.class.php 第 133 行.

